2017-12-26 20:01:28,379:INFO main (AbstractTestContextBootstrapper.java:319) - Neither @ContextConfiguration nor @ContextHierarchy found for test class [com.miracle.demo.MySpringBootApplicationTests], using SpringBootContextLoader
2017-12-26 20:01:28,393:INFO main (AbstractContextLoader.java:264) - Could not detect default resource locations for test class [com.miracle.demo.MySpringBootApplicationTests]: no resource found for suffixes {-context.xml, Context.groovy}.
2017-12-26 20:01:28,397:INFO main (AnnotationConfigContextLoaderUtils.java:81) - Could not detect default configuration classes for test class [com.miracle.demo.MySpringBootApplicationTests]: MySpringBootApplicationTests does not declare any static, non-private, non-final, nested classes annotated with @Configuration.
2017-12-26 20:01:28,794:INFO main (SpringBootTestContextBootstrapper.java:206) - Found @SpringBootConfiguration com.miracle.demo.DemoApplication for test class com.miracle.demo.MySpringBootApplicationTests
2017-12-26 20:01:28,810:INFO main (AbstractTestContextBootstrapper.java:260) - Loaded default TestExecutionListener class names from location [META-INF/spring.factories]: [org.springframework.boot.test.mock.mockito.MockitoTestExecutionListener, org.springframework.boot.test.mock.mockito.ResetMocksTestExecutionListener, org.springframework.boot.test.autoconfigure.restdocs.RestDocsTestExecutionListener, org.springframework.boot.test.autoconfigure.web.client.MockRestServiceServerResetTestExecutionListener, org.springframework.boot.test.autoconfigure.web.servlet.MockMvcPrintOnlyOnFailureTestExecutionListener, org.springframework.boot.test.autoconfigure.web.servlet.WebDriverTestExecutionListener, org.springframework.test.context.web.ServletTestExecutionListener, org.springframework.test.context.support.DirtiesContextBeforeModesTestExecutionListener, org.springframework.test.context.support.DependencyInjectionTestExecutionListener, org.springframework.test.context.support.DirtiesContextTestExecutionListener, org.springframework.test.context.transaction.TransactionalTestExecutionListener, org.springframework.test.context.jdbc.SqlScriptsTestExecutionListener]
2017-12-26 20:01:28,878:INFO main (AbstractTestContextBootstrapper.java:187) - Using TestExecutionListeners: [org.springframework.test.context.web.ServletTestExecutionListener@7d3e8655, org.springframework.test.context.support.DirtiesContextBeforeModesTestExecutionListener@7dfb0c0f, org.springframework.boot.test.autoconfigure.SpringBootDependencyInjectionTestExecutionListener@626abbd0, org.springframework.test.context.support.DirtiesContextTestExecutionListener@169bb4dd, org.springframework.test.context.transaction.TransactionalTestExecutionListener@1f9e9475, org.springframework.test.context.jdbc.SqlScriptsTestExecutionListener@3aa078fd, org.springframework.boot.test.autoconfigure.web.client.MockRestServiceServerResetTestExecutionListener@d23e042, org.springframework.boot.test.autoconfigure.web.servlet.MockMvcPrintOnlyOnFailureTestExecutionListener@46d59067, org.springframework.boot.test.autoconfigure.web.servlet.WebDriverTestExecutionListener@2d0399f4, org.springframework.boot.test.autoconfigure.restdocs.RestDocsTestExecutionListener@14dd7b39, org.springframework.boot.test.mock.mockito.MockitoTestExecutionListener@66ea810, org.springframework.boot.test.mock.mockito.ResetMocksTestExecutionListener@6cd24612]
2017-12-26 20:01:29,586:INFO main (StartupInfoLogger.java:48) - Starting MySpringBootApplicationTests on DESKTOP-5S9KPFP with PID 8268 (started by user in E:\Web\eng)
2017-12-26 20:01:29,587:INFO main (SpringApplication.java:597) - The following profiles are active: dev
2017-12-26 20:01:29,715:INFO main (AbstractApplicationContext.java:583) - Refreshing org.springframework.web.context.support.GenericWebApplicationContext@43b6123e: startup date [Tue Dec 26 20:01:29 CST 2017]; root of context hierarchy
2017-12-26 20:01:30,109:INFO background-preinit (Version.java:30) - HV000001: Hibernate Validator 5.3.6.Final
2017-12-26 20:01:32,578:INFO main (RepositoryConfigurationDelegate.java:165) - Multiple Spring Data modules found, entering strict repository configuration mode!
2017-12-26 20:01:32,695:INFO main (RepositoryConfigurationDelegate.java:165) - Multiple Spring Data modules found, entering strict repository configuration mode!
2017-12-26 20:01:34,062:INFO MLog-Init-Reporter (Slf4jMLog.java:212) - MLog clients using slf4j logging.
2017-12-26 20:01:34,194:INFO main (Slf4jMLog.java:212) - Initializing c3p0-0.9.5.2 [built 08-December-2015 22:06:04 -0800; debug? true; trace: 10]
2017-12-26 20:01:35,108:INFO main (Slf4jMLog.java:212) - Initializing c3p0 pool... com.mchange.v2.c3p0.ComboPooledDataSource [ acquireIncrement -> 3, acquireRetryAttempts -> 30, acquireRetryDelay -> 1000, autoCommitOnClose -> false, automaticTestTable -> null, breakAfterAcquireFailure -> false, checkoutTimeout -> 0, connectionCustomizerClassName -> null, connectionTesterClassName -> com.mchange.v2.c3p0.impl.DefaultConnectionTester, contextClassLoaderSource -> caller, dataSourceName -> 1hge1949s14pc6my10ce728|56078cea, debugUnreturnedConnectionStackTraces -> false, description -> null, driverClass -> com.mysql.jdbc.Driver, extensions -> {}, factoryClassLocation -> null, forceIgnoreUnresolvedTransactions -> false, forceSynchronousCheckins -> false, forceUseNamedDriverClass -> false, identityToken -> 1hge1949s14pc6my10ce728|56078cea, idleConnectionTestPeriod -> 60, initialPoolSize -> 3, jdbcUrl -> jdbc:mysql://127.0.0.1:3306/test?useUnicode=true&characterEncoding=utf8&autoReconnect=true&failOverReadOnly=false&zeroDateTimeBehavior=convertToNull, maxAdministrativeTaskTime -> 0, maxConnectionAge -> 0, maxIdleTime -> 1800000, maxIdleTimeExcessConnections -> 0, maxPoolSize -> 10, maxStatements -> 1000, maxStatementsPerConnection -> 0, minPoolSize -> 2, numHelperThreads -> 3, preferredTestQuery -> null, privilegeSpawnedThreads -> false, properties -> {user=******, password=******}, propertyCycle -> 0, statementCacheNumDeferredCloseThreads -> 0, testConnectionOnCheckin -> false, testConnectionOnCheckout -> false, unreturnedConnectionTimeout -> 0, userOverrides -> {}, usesTraditionalReflectiveProxies -> false ]
2017-12-26 20:01:36,216:INFO main (LocalContainerEntityManagerFactoryBean.java:356) - Building JPA container EntityManagerFactory for persistence unit 'default'
2017-12-26 20:01:36,275:INFO main (LogHelper.java:31) - HHH000204: Processing PersistenceUnitInfo [
	name: default
	...]
2017-12-26 20:01:36,687:INFO main (Version.java:37) - HHH000412: Hibernate Core {5.0.12.Final}
2017-12-26 20:01:36,690:INFO main (Environment.java:213) - HHH000206: hibernate.properties not found
2017-12-26 20:01:36,693:INFO main (Environment.java:317) - HHH000021: Bytecode provider name : javassist
2017-12-26 20:01:36,779:INFO main (JavaReflectionManager.java:66) - HCANN000001: Hibernate Commons Annotations {5.0.1.Final}
2017-12-26 20:01:37,075:INFO main (Dialect.java:156) - HHH000400: Using dialect: org.hibernate.dialect.MySQL5Dialect
2017-12-26 20:01:37,876:INFO main (AbstractEntityManagerFactoryBean.java:392) - Initialized JPA EntityManagerFactory for persistence unit 'default'
2017-12-26 20:01:41,264:INFO main (RequestMappingHandlerAdapter.java:534) - Looking for @ControllerAdvice: org.springframework.web.context.support.GenericWebApplicationContext@43b6123e: startup date [Tue Dec 26 20:01:29 CST 2017]; root of context hierarchy
2017-12-26 20:01:41,707:INFO main (AbstractHandlerMethodMapping.java:543) - Mapped "{[/test.do],methods=[GET]}" onto public java.lang.String com.miracle.demo.controller.TestController.test(com.miracle.demo.domain.UserMST)
2017-12-26 20:01:41,719:INFO main (AbstractHandlerMethodMapping.java:543) - Mapped "{[/error]}" onto public org.springframework.http.ResponseEntity<java.util.Map<java.lang.String, java.lang.Object>> org.springframework.boot.autoconfigure.web.BasicErrorController.error(javax.servlet.http.HttpServletRequest)
2017-12-26 20:01:41,720:INFO main (AbstractHandlerMethodMapping.java:543) - Mapped "{[/error],produces=[text/html]}" onto public org.springframework.web.servlet.ModelAndView org.springframework.boot.autoconfigure.web.BasicErrorController.errorHtml(javax.servlet.http.HttpServletRequest,javax.servlet.http.HttpServletResponse)
2017-12-26 20:01:41,868:INFO main (AbstractUrlHandlerMapping.java:362) - Mapped URL path [/webjars/**] onto handler of type [class org.springframework.web.servlet.resource.ResourceHttpRequestHandler]
2017-12-26 20:01:41,869:INFO main (AbstractUrlHandlerMapping.java:362) - Mapped URL path [/**] onto handler of type [class org.springframework.web.servlet.resource.ResourceHttpRequestHandler]
2017-12-26 20:01:42,123:INFO main (AbstractUrlHandlerMapping.java:362) - Mapped URL path [/**/favicon.ico] onto handler of type [class org.springframework.web.servlet.resource.ResourceHttpRequestHandler]
2017-12-26 20:01:43,900:INFO main (StartupInfoLogger.java:57) - Started MySpringBootApplicationTests in 14.84 seconds (JVM running for 18.051)
2017-12-26 20:01:44,055:WARN main (MySpringBootApplicationTests.java:21) - I am warn log.
2017-12-26 20:01:44,056:ERROR main (MySpringBootApplicationTests.java:22) - I am error log.
2017-12-26 20:01:44,088:INFO Thread-7 (AbstractApplicationContext.java:984) - Closing org.springframework.web.context.support.GenericWebApplicationContext@43b6123e: startup date [Tue Dec 26 20:01:29 CST 2017]; root of context hierarchy
2017-12-27 08:43:29,846:INFO main (AbstractTestContextBootstrapper.java:319) - Neither @ContextConfiguration nor @ContextHierarchy found for test class [com.miracle.demo.MySpringBootApplicationTests], using SpringBootContextLoader
2017-12-27 08:43:29,932:INFO main (AbstractContextLoader.java:264) - Could not detect default resource locations for test class [com.miracle.demo.MySpringBootApplicationTests]: no resource found for suffixes {-context.xml, Context.groovy}.
2017-12-27 08:43:29,935:INFO main (AnnotationConfigContextLoaderUtils.java:81) - Could not detect default configuration classes for test class [com.miracle.demo.MySpringBootApplicationTests]: MySpringBootApplicationTests does not declare any static, non-private, non-final, nested classes annotated with @Configuration.
2017-12-27 08:43:30,816:INFO main (SpringBootTestContextBootstrapper.java:206) - Found @SpringBootConfiguration com.miracle.demo.DemoApplication for test class com.miracle.demo.MySpringBootApplicationTests
2017-12-27 08:43:30,845:INFO main (AbstractTestContextBootstrapper.java:260) - Loaded default TestExecutionListener class names from location [META-INF/spring.factories]: [org.springframework.boot.test.mock.mockito.MockitoTestExecutionListener, org.springframework.boot.test.mock.mockito.ResetMocksTestExecutionListener, org.springframework.boot.test.autoconfigure.restdocs.RestDocsTestExecutionListener, org.springframework.boot.test.autoconfigure.web.client.MockRestServiceServerResetTestExecutionListener, org.springframework.boot.test.autoconfigure.web.servlet.MockMvcPrintOnlyOnFailureTestExecutionListener, org.springframework.boot.test.autoconfigure.web.servlet.WebDriverTestExecutionListener, org.springframework.test.context.web.ServletTestExecutionListener, org.springframework.test.context.support.DirtiesContextBeforeModesTestExecutionListener, org.springframework.test.context.support.DependencyInjectionTestExecutionListener, org.springframework.test.context.support.DirtiesContextTestExecutionListener, org.springframework.test.context.transaction.TransactionalTestExecutionListener, org.springframework.test.context.jdbc.SqlScriptsTestExecutionListener]
2017-12-27 08:43:31,052:INFO main (AbstractTestContextBootstrapper.java:187) - Using TestExecutionListeners: [org.springframework.test.context.web.ServletTestExecutionListener@4b14918a, org.springframework.test.context.support.DirtiesContextBeforeModesTestExecutionListener@6d1ef78d, org.springframework.boot.test.autoconfigure.SpringBootDependencyInjectionTestExecutionListener@1a6c1270, org.springframework.test.context.support.DirtiesContextTestExecutionListener@18a136ac, org.springframework.test.context.transaction.TransactionalTestExecutionListener@77d67cf3, org.springframework.test.context.jdbc.SqlScriptsTestExecutionListener@6dee4f1b, org.springframework.boot.test.mock.mockito.MockitoTestExecutionListener@176b3f44, org.springframework.boot.test.autoconfigure.restdocs.RestDocsTestExecutionListener@6ee6f53, org.springframework.boot.test.autoconfigure.web.servlet.WebDriverTestExecutionListener@421bba99, org.springframework.boot.test.autoconfigure.web.client.MockRestServiceServerResetTestExecutionListener@5d12a356, org.springframework.boot.test.autoconfigure.web.servlet.MockMvcPrintOnlyOnFailureTestExecutionListener@134d26af, org.springframework.boot.test.mock.mockito.ResetMocksTestExecutionListener@66ac5762]
2017-12-27 08:43:33,764:INFO main (StartupInfoLogger.java:48) - Starting MySpringBootApplicationTests on DESKTOP-5S9KPFP with PID 13180 (started by user in E:\Web\eng)
2017-12-27 08:43:33,765:INFO main (SpringApplication.java:597) - The following profiles are active: dev
2017-12-27 08:43:34,242:INFO main (AbstractApplicationContext.java:583) - Refreshing org.springframework.web.context.support.GenericWebApplicationContext@62dae245: startup date [Wed Dec 27 08:43:34 CST 2017]; root of context hierarchy
2017-12-27 08:43:34,825:INFO background-preinit (Version.java:30) - HV000001: Hibernate Validator 5.3.6.Final
2017-12-27 08:43:38,614:INFO main (RepositoryConfigurationDelegate.java:165) - Multiple Spring Data modules found, entering strict repository configuration mode!
2017-12-27 08:43:38,732:INFO main (RepositoryConfigurationDelegate.java:165) - Multiple Spring Data modules found, entering strict repository configuration mode!
2017-12-27 08:43:41,378:INFO MLog-Init-Reporter (Slf4jMLog.java:212) - MLog clients using slf4j logging.
2017-12-27 08:43:41,676:INFO main (Slf4jMLog.java:212) - Initializing c3p0-0.9.5.2 [built 08-December-2015 22:06:04 -0800; debug? true; trace: 10]
2017-12-27 08:43:44,019:INFO main (Slf4jMLog.java:212) - Initializing c3p0 pool... com.mchange.v2.c3p0.ComboPooledDataSource [ acquireIncrement -> 3, acquireRetryAttempts -> 30, acquireRetryDelay -> 1000, autoCommitOnClose -> false, automaticTestTable -> null, breakAfterAcquireFailure -> false, checkoutTimeout -> 0, connectionCustomizerClassName -> null, connectionTesterClassName -> com.mchange.v2.c3p0.impl.DefaultConnectionTester, contextClassLoaderSource -> caller, dataSourceName -> 1hge1949s15gka3p183ug8o|4e08acf9, debugUnreturnedConnectionStackTraces -> false, description -> null, driverClass -> com.mysql.jdbc.Driver, extensions -> {}, factoryClassLocation -> null, forceIgnoreUnresolvedTransactions -> false, forceSynchronousCheckins -> false, forceUseNamedDriverClass -> false, identityToken -> 1hge1949s15gka3p183ug8o|4e08acf9, idleConnectionTestPeriod -> 60, initialPoolSize -> 3, jdbcUrl -> jdbc:mysql://127.0.0.1:3306/test?useUnicode=true&characterEncoding=utf8&autoReconnect=true&failOverReadOnly=false&zeroDateTimeBehavior=convertToNull, maxAdministrativeTaskTime -> 0, maxConnectionAge -> 0, maxIdleTime -> 1800000, maxIdleTimeExcessConnections -> 0, maxPoolSize -> 10, maxStatements -> 1000, maxStatementsPerConnection -> 0, minPoolSize -> 2, numHelperThreads -> 3, preferredTestQuery -> null, privilegeSpawnedThreads -> false, properties -> {user=******, password=******}, propertyCycle -> 0, statementCacheNumDeferredCloseThreads -> 0, testConnectionOnCheckin -> false, testConnectionOnCheckout -> false, unreturnedConnectionTimeout -> 0, userOverrides -> {}, usesTraditionalReflectiveProxies -> false ]
2017-12-27 08:43:45,479:INFO main (LocalContainerEntityManagerFactoryBean.java:356) - Building JPA container EntityManagerFactory for persistence unit 'default'
2017-12-27 08:43:45,714:INFO main (LogHelper.java:31) - HHH000204: Processing PersistenceUnitInfo [
	name: default
	...]
2017-12-27 08:43:46,298:INFO main (Version.java:37) - HHH000412: Hibernate Core {5.0.12.Final}
2017-12-27 08:43:46,300:INFO main (Environment.java:213) - HHH000206: hibernate.properties not found
2017-12-27 08:43:46,302:INFO main (Environment.java:317) - HHH000021: Bytecode provider name : javassist
2017-12-27 08:43:46,594:INFO main (JavaReflectionManager.java:66) - HCANN000001: Hibernate Commons Annotations {5.0.1.Final}
2017-12-27 08:43:47,361:INFO main (Dialect.java:156) - HHH000400: Using dialect: org.hibernate.dialect.MySQL5Dialect
2017-12-27 08:43:48,500:INFO main (AbstractEntityManagerFactoryBean.java:392) - Initialized JPA EntityManagerFactory for persistence unit 'default'
2017-12-27 08:43:51,473:INFO main (RequestMappingHandlerAdapter.java:534) - Looking for @ControllerAdvice: org.springframework.web.context.support.GenericWebApplicationContext@62dae245: startup date [Wed Dec 27 08:43:34 CST 2017]; root of context hierarchy
2017-12-27 08:43:51,800:INFO main (AbstractHandlerMethodMapping.java:543) - Mapped "{[/test.do],methods=[GET]}" onto public java.lang.String com.miracle.demo.controller.TestController.test(com.miracle.demo.domain.UserMST)
2017-12-27 08:43:51,806:INFO main (AbstractHandlerMethodMapping.java:543) - Mapped "{[/error]}" onto public org.springframework.http.ResponseEntity<java.util.Map<java.lang.String, java.lang.Object>> org.springframework.boot.autoconfigure.web.BasicErrorController.error(javax.servlet.http.HttpServletRequest)
2017-12-27 08:43:51,812:INFO main (AbstractHandlerMethodMapping.java:543) - Mapped "{[/error],produces=[text/html]}" onto public org.springframework.web.servlet.ModelAndView org.springframework.boot.autoconfigure.web.BasicErrorController.errorHtml(javax.servlet.http.HttpServletRequest,javax.servlet.http.HttpServletResponse)
2017-12-27 08:43:51,931:INFO main (AbstractUrlHandlerMapping.java:362) - Mapped URL path [/webjars/**] onto handler of type [class org.springframework.web.servlet.resource.ResourceHttpRequestHandler]
2017-12-27 08:43:51,931:INFO main (AbstractUrlHandlerMapping.java:362) - Mapped URL path [/**] onto handler of type [class org.springframework.web.servlet.resource.ResourceHttpRequestHandler]
2017-12-27 08:43:52,016:INFO main (AbstractUrlHandlerMapping.java:362) - Mapped URL path [/**/favicon.ico] onto handler of type [class org.springframework.web.servlet.resource.ResourceHttpRequestHandler]
2017-12-27 08:43:54,112:INFO main (StartupInfoLogger.java:57) - Started MySpringBootApplicationTests in 22.533 seconds (JVM running for 30.528)
2017-12-27 08:43:54,448:WARN main (MySpringBootApplicationTests.java:21) - I am warn log.
2017-12-27 08:43:54,448:ERROR main (MySpringBootApplicationTests.java:22) - I am error log.
2017-12-27 08:43:54,480:INFO Thread-7 (AbstractApplicationContext.java:984) - Closing org.springframework.web.context.support.GenericWebApplicationContext@62dae245: startup date [Wed Dec 27 08:43:34 CST 2017]; root of context hierarchy
